<?xml version="1.0" encoding="UTF-8"?>
<testsuite xmlns:xsi="http://www.w3.org/2001/XMLSchema-instance" xsi:noNamespaceSchemaLocation="https://maven.apache.org/surefire/maven-surefire-plugin/xsd/surefire-test-report.xsd" version="3.0.2" name="com.appweave.bus.BusApplicationTests" time="4.153" tests="1" errors="0" skipped="0" failures="0">
  <properties>
[...]
</properties>
  <testcase name="contextLoads" classname="com.appweave.bus.BusApplicationTests" time="0.762">
    <system-out><![CDATA[03:23:48.579 [main] INFO org.springframework.test.context.support.AnnotationConfigContextLoaderUtils -- Could not detect default configuration classes for test class [com.appweave.bus.BusApplicationTests]: BusApplicationTests does not declare any static, non-private, non-final, nested classes annotated with @Configuration.
03:23:48.832 [main] INFO org.springframework.boot.test.context.SpringBootTestContextBootstrapper -- Found @SpringBootConfiguration com.appweave.bus.BusApplication for test class com.appweave.bus.BusApplicationTests

  .   ____          _            __ _ _
 /\\ / ___'_ __ _ _(_)_ __  __ _ \ \ \ \
( ( )\___ | '_ | '_| | '_ \/ _` | \ \ \ \
 \\/  ___)| |_)| | | | | || (_| |  ) ) ) )
  '  |____| .__|_| |_|_| |_\__, | / / / /
 =========|_|==============|___/=/_/_/_/

 :: Spring Boot ::                (v4.0.3)

2026-03-27T03:23:49.306+05:30  WARN 9052 --- [bus] [           main] ory$DuplicateJsonObjectContextCustomizer : 

Found multiple occurrences of org.json.JSONObject on the class path:

	jar:file:/C:/Users/Mehran/.m2/repository/com/vaadin/external/google/android-json/0.0.20131108.vaadin1/android-json-0.0.20131108.vaadin1.jar!/org/json/JSONObject.class
	jar:file:/C:/Users/Mehran/.m2/repository/org/json/json/20250517/json-20250517.jar!/org/json/JSONObject.class

You may wish to exclude one of them to ensure predictable runtime behavior

2026-03-27T03:23:49.319+05:30  INFO 9052 --- [bus] [           main] com.appweave.bus.BusApplicationTests     : Starting BusApplicationTests using Java 21.0.7 with PID 9052 (started by Mehran in C:\Users\Mehran\Desktop\bus\bus)
2026-03-27T03:23:49.325+05:30  INFO 9052 --- [bus] [           main] com.appweave.bus.BusApplicationTests     : No active profile set, falling back to 1 default profile: "default"
2026-03-27T03:23:50.043+05:30  INFO 9052 --- [bus] [           main] .s.d.r.c.RepositoryConfigurationDelegate : Multiple Spring Data modules found, entering strict repository configuration mode
2026-03-27T03:23:50.045+05:30  INFO 9052 --- [bus] [           main] .s.d.r.c.RepositoryConfigurationDelegate : Bootstrapping Spring Data MongoDB repositories in DEFAULT mode.
2026-03-27T03:23:50.096+05:30  INFO 9052 --- [bus] [           main] .s.d.r.c.RepositoryConfigurationDelegate : Finished Spring Data repository scanning in 49 ms. Found 1 MongoDB repository interface.
2026-03-27T03:23:50.608+05:30  INFO 9052 --- [bus] [           main] org.mongodb.driver.cluster               : Adding discovered server ac-6fwvdsc-shard-00-00.ghyuegk.mongodb.net:27017 to client view of cluster
2026-03-27T03:23:50.637+05:30  INFO 9052 --- [bus] [           main] org.mongodb.driver.cluster               : Adding discovered server ac-6fwvdsc-shard-00-01.ghyuegk.mongodb.net:27017 to client view of cluster
2026-03-27T03:23:50.637+05:30  INFO 9052 --- [bus] [           main] org.mongodb.driver.cluster               : Adding discovered server ac-6fwvdsc-shard-00-02.ghyuegk.mongodb.net:27017 to client view of cluster
2026-03-27T03:23:50.667+05:30  INFO 9052 --- [bus] [           main] org.mongodb.driver.client                : MongoClient with metadata {"application": {"name": "BusApp"}, "driver": {"name": "mongo-java-driver|spring-boot|sync", "version": "5.6.3"}, "os": {"type": "Windows", "name": "Windows 11", "architecture": "amd64", "version": "10.0"}, "platform": "Java/Oracle Corporation/21.0.7+8-LTS-245"} created with settings MongoClientSettings{readPreference=primary, writeConcern=WriteConcern{w=null, wTimeout=null ms, journal=null}, retryWrites=true, retryReads=true, readConcern=ReadConcern{level=null}, credential=MongoCredential{mechanism=null, userName='root', source='admin', password=<hidden>, mechanismProperties=<hidden>}, transportSettings=null, commandListeners=[], codecRegistry=ProvidersCodecRegistry{codecProviders=[ValueCodecProvider{}, BsonValueCodecProvider{}, DBRefCodecProvider{}, DBObjectCodecProvider{}, DocumentCodecProvider{}, CollectionCodecProvider{}, IterableCodecProvider{}, MapCodecProvider{}, GeoJsonCodecProvider{}, GridFSFileCodecProvider{}, Jsr310CodecProvider{}, JsonObjectCodecProvider{}, BsonCodecProvider{}, com.mongodb.client.model.mql.ExpressionCodecProvider@70997a94, com.mongodb.Jep395RecordCodecProvider@61f377d1, com.mongodb.KotlinCodecProvider@6c538eb2, EnumCodecProvider{}]}, loggerSettings=LoggerSettings{maxDocumentLength=1000}, clusterSettings={hosts=[ac-6fwvdsc-shard-00-00.ghyuegk.mongodb.net:27017, ac-6fwvdsc-shard-00-01.ghyuegk.mongodb.net:27017, ac-6fwvdsc-shard-00-02.ghyuegk.mongodb.net:27017], srvServiceName=mongodb, mode=MULTIPLE, requiredClusterType=REPLICA_SET, requiredReplicaSetName='atlas-x055qh-shard-0', serverSelector='null', clusterListeners='[]', serverSelectionTimeout='30000 ms', localThreshold='15 ms'}, socketSettings=SocketSettings{connectTimeoutMS=10000, readTimeoutMS=0, receiveBufferSize=0, proxySettings=ProxySettings{host=null, port=null, username=null, password=null}}, heartbeatSocketSettings=SocketSettings{connectTimeoutMS=10000, readTimeoutMS=10000, receiveBufferSize=0, proxySettings=ProxySettings{host=null, port=null, username=null, password=null}}, connectionPoolSettings=ConnectionPoolSettings{maxSize=100, minSize=0, maxWaitTimeMS=120000, maxConnectionLifeTimeMS=0, maxConnectionIdleTimeMS=0, maintenanceInitialDelayMS=0, maintenanceFrequencyMS=60000, connectionPoolListeners=[], maxConnecting=2}, serverSettings=ServerSettings{heartbeatFrequencyMS=10000, minHeartbeatFrequencyMS=500, serverMonitoringMode=AUTO, serverListeners='[]', serverMonitorListeners='[]'}, sslSettings=SslSettings{enabled=true, invalidHostNameAllowed=false, context=null}, applicationName='BusApp', compressorList=[], uuidRepresentation=UNSPECIFIED, serverApi=null, autoEncryptionSettings=null, dnsClient=null, inetAddressResolver=null, contextProvider=null, timeoutMS=null}
2026-03-27T03:23:51.091+05:30  INFO 9052 --- [bus] [           main] o.s.b.w.a.WelcomePageHandlerMapping      : Adding welcome page template: index
2026-03-27T03:23:51.584+05:30  INFO 9052 --- [bus] [ngodb.net:27017] org.mongodb.driver.cluster               : Monitor thread successfully connected to server with description ServerDescription{address=ac-6fwvdsc-shard-00-00.ghyuegk.mongodb.net:27017, type=REPLICA_SET_SECONDARY, cryptd=false, state=CONNECTED, ok=true, minWireVersion=0, maxWireVersion=25, maxDocumentSize=16777216, logicalSessionTimeoutMinutes=30, roundTripTimeNanos=431279800, minRoundTripTimeNanos=0, setName='atlas-x055qh-shard-0', canonicalAddress=ac-6fwvdsc-shard-00-00.ghyuegk.mongodb.net:27017, hosts=[ac-6fwvdsc-shard-00-00.ghyuegk.mongodb.net:27017, ac-6fwvdsc-shard-00-01.ghyuegk.mongodb.net:27017, ac-6fwvdsc-shard-00-02.ghyuegk.mongodb.net:27017], passives=[], arbiters=[], primary='ac-6fwvdsc-shard-00-02.ghyuegk.mongodb.net:27017', tagSet=TagSet{[Tag{name='availabilityZone', value='aps1-az1'}, Tag{name='diskState', value='READY'}, Tag{name='nodeType', value='ELECTABLE'}, Tag{name='provider', value='AWS'}, Tag{name='region', value='AP_SOUTH_1'}, Tag{name='workloadType', value='OPERATIONAL'}]}, electionId=null, setVersion=220, topologyVersion=TopologyVersion{processId=69b2e59be146ea5803e9dc32, counter=4}, lastWriteDate=Fri Mar 27 03:23:50 IST 2026, lastUpdateTimeNanos=2109906997691100}
2026-03-27T03:23:51.584+05:30  INFO 9052 --- [bus] [           main] com.appweave.bus.BusApplicationTests     : Started BusApplicationTests in 2.551 seconds (process running for 4.453)
2026-03-27T03:23:51.584+05:30  INFO 9052 --- [bus] [ngodb.net:27017] org.mongodb.driver.cluster               : Monitor thread successfully connected to server with description ServerDescription{address=ac-6fwvdsc-shard-00-01.ghyuegk.mongodb.net:27017, type=REPLICA_SET_SECONDARY, cryptd=false, state=CONNECTED, ok=true, minWireVersion=0, maxWireVersion=25, maxDocumentSize=16777216, logicalSessionTimeoutMinutes=30, roundTripTimeNanos=434067899, minRoundTripTimeNanos=0, setName='atlas-x055qh-shard-0', canonicalAddress=ac-6fwvdsc-shard-00-01.ghyuegk.mongodb.net:27017, hosts=[ac-6fwvdsc-shard-00-00.ghyuegk.mongodb.net:27017, ac-6fwvdsc-shard-00-01.ghyuegk.mongodb.net:27017, ac-6fwvdsc-shard-00-02.ghyuegk.mongodb.net:27017], passives=[], arbiters=[], primary='ac-6fwvdsc-shard-00-02.ghyuegk.mongodb.net:27017', tagSet=TagSet{[Tag{name='availabilityZone', value='aps1-az3'}, Tag{name='diskState', value='READY'}, Tag{name='nodeType', value='ELECTABLE'}, Tag{name='provider', value='AWS'}, Tag{name='region', value='AP_SOUTH_1'}, Tag{name='workloadType', value='OPERATIONAL'}]}, electionId=null, setVersion=220, topologyVersion=TopologyVersion{processId=69b2ebca86bf424adec57f51, counter=3}, lastWriteDate=Fri Mar 27 03:23:50 IST 2026, lastUpdateTimeNanos=2109906997691200}
2026-03-27T03:23:51.584+05:30  INFO 9052 --- [bus] [ngodb.net:27017] org.mongodb.driver.cluster               : Monitor thread successfully connected to server with description ServerDescription{address=ac-6fwvdsc-shard-00-02.ghyuegk.mongodb.net:27017, type=REPLICA_SET_PRIMARY, cryptd=false, state=CONNECTED, ok=true, minWireVersion=0, maxWireVersion=25, maxDocumentSize=16777216, logicalSessionTimeoutMinutes=30, roundTripTimeNanos=437199600, minRoundTripTimeNanos=0, setName='atlas-x055qh-shard-0', canonicalAddress=ac-6fwvdsc-shard-00-02.ghyuegk.mongodb.net:27017, hosts=[ac-6fwvdsc-shard-00-00.ghyuegk.mongodb.net:27017, ac-6fwvdsc-shard-00-01.ghyuegk.mongodb.net:27017, ac-6fwvdsc-shard-00-02.ghyuegk.mongodb.net:27017], passives=[], arbiters=[], primary='ac-6fwvdsc-shard-00-02.ghyuegk.mongodb.net:27017', tagSet=TagSet{[Tag{name='availabilityZone', value='aps1-az2'}, Tag{name='diskState', value='READY'}, Tag{name='nodeType', value='ELECTABLE'}, Tag{name='provider', value='AWS'}, Tag{name='region', value='AP_SOUTH_1'}, Tag{name='workloadType', value='OPERATIONAL'}]}, electionId=7fffffff00000000000000fa, setVersion=220, topologyVersion=TopologyVersion{processId=69b2e8da0af35a7cf0e52174, counter=6}, lastWriteDate=Fri Mar 27 03:23:50 GMT+05:30 2026, lastUpdateTimeNanos=2109906997691200}
2026-03-27T03:23:51.588+05:30  INFO 9052 --- [bus] [ngodb.net:27017] org.mongodb.driver.cluster               : Discovered replica set primary ac-6fwvdsc-shard-00-02.ghyuegk.mongodb.net:27017 with max election id 7fffffff00000000000000fa and max set version 220
]]></system-out>
    <system-err><![CDATA[Mockito is currently self-attaching to enable the inline-mock-maker. This will no longer work in future releases of the JDK. Please add Mockito as an agent to your build as described in Mockito's documentation: https://javadoc.io/doc/org.mockito/mockito-core/latest/org.mockito/org/mockito/Mockito.html#0.3
WARNING: A Java agent has been loaded dynamically (C:\Users\Mehran\.m2\repository\net\bytebuddy\byte-buddy-agent\1.17.8\byte-buddy-agent-1.17.8.jar)
WARNING: If a serviceability tool is in use, please run with -XX:+EnableDynamicAgentLoading to hide this warning
WARNING: If a serviceability tool is not in use, please run with -Djdk.instrument.traceUsage for more information
WARNING: Dynamic loading of agents will be disallowed by default in a future release
]]></system-err>
  </testcase>
</testsuite>